1598634530058	geckodriver	INFO	Listening on 127.0.0.1:63150
1598634533166	mozrunner::runner	INFO	Running command: "C:\\Program Files\\Mozilla Firefox\\firefox.exe" "--marionette" "-foreground" "-no-remote" "-profile" "C:\\Users\\Alex\\AppData\\Local\\Temp\\rust_mozprofilejPp5Cx"
console.error: SearchCache: "_readCacheFile: Error reading cache file:" (new Error("", "(unknown module)"))
JavaScript error: resource://gre/modules/XULStore.jsm, line 66: Error: Can't find profile directory.
1598634539359	Marionette	INFO	Listening on port 63158
1598634541150	Marionette	WARN	TLS certificate errors will be ignored for this session
1598635686027	Marionette	INFO	Stopped listening on port 63158

###!!! [Child][RunMessage] Error: Channel closing: too late to send/recv, messages will be lost

[Parent 14212, Gecko_IOThread] WARNING: pipe error: 232: file /builds/worker/checkouts/gecko/ipc/chromium/src/chrome/common/ipc_channel_win.cc, line 524
eFile: Error reading cache file:" (new Error("", "(unknown module)"))
JavaScript error: resource://gre/modules/XULStore.jsm, line 66: Error: Can't find profile directory.
1598635036763	Marionette	INFO	Listening on port 63341
1598635037240	Marionette	WARN	TLS certificate errors will be ignored for this session
JavaScript error: resource://gre/modules/URIFixup.jsm, line 281: NS_ERROR_FAILURE: Should pass a non-null uri
1598635094429	Marionette	INFO	Stopped listening on port 63341

###!!! [Child][RunMessage] Error: Channel closing: too late to send/recv, messages will be lost

[Parent 12788, Gecko_IOThread] WARNING: pipe error: 232: file /builds/worker/checkouts/gecko/ipc/chromium/src/chrome/common/ipc_channel_win.cc, line 524

###!!! [Child][MessageChannel::SendAndWait] Error: Channel error: cannot send/recv

1598635174255	geckodriver	INFO	Listening on 127.0.0.1:63392
1598635177199	mozrunner::runner	INFO	Running command: "C:\\Program Files\\Mozilla Firefox\\firefox.exe" "--marionette" "-foreground" "-no-remote" "-profile" "C:\\Users\\Alex\\AppData\\Local\\Temp\\rust_mozprofileBEbXPJ"
JavaScript error: resource://gre/modules/XULStore.jsm, line 66: Error: Can't find profile directory.
console.error: SearchCache: "_readCacheFile: Error reading cache file:" (new Error("", "(unknown module)"))
1598635181072	Marionette	INFO	Listening on port 63401
1598635181386	Marionette	WARN	TLS certificate errors will be ignored for this session
1598635685144	Marionette	INFO	Stopped listening on port 63401

###!!! [Child][RunMessage] Error: Channel closing: too late to send/recv, messages will be lost


###!!! [Child][MessageChannel::SendAndWait] Error: Channel error: cannot send/recv

emp\\rust_mozprofileFeit8P"
JavaScript error: resource://gre/modules/XULStore.jsm, line 66: Error: Can't find profile directory.
console.error: SearchCache: "_readCacheFile: Error reading cache file:" (new Error("", "(unknown module)"))
1598635230421	Marionette	INFO	Listening on port 63441
1598635231860	Marionette	WARN	TLS certificate errors will be ignored for this session
JavaScript error: resource://gre/modules/UrlClassifierListManager.jsm, line 691: TypeError: this.tablesData[table] is undefined
1598635236899	Marionette	INFO	Stopped listening on port 63441

###!!! [Child][RunMessage] Error: Channel closing: too late to send/recv, messages will be lost


###!!! [Child][MessageChannel::SendAndWait] Error: Channel error: cannot send/recv

1598635254824	geckodriver	INFO	Listening on 127.0.0.1:63480
1598635257824	mozrunner::runner	INFO	Running command: "C:\\Program Files\\Mozilla Firefox\\firefox.exe" "--marionette" "-foreground" "-no-remote" "-profile" "C:\\Users\\Alex\\AppData\\Local\\Temp\\rust_mozprofileK1dBsW"
console.error: SearchCache: "_readCacheFile: Error reading cache file:" (new Error("", "(unknown module)"))
JavaScript error: resource://gre/modules/XULStore.jsm, line 66: Error: Can't find profile directory.
1598635261130	Marionette	INFO	Listening on port 63488
1598635262669	Marionette	WARN	TLS certificate errors will be ignored for this session
1598635683248	Marionette	INFO	Stopped listening on port 63488

###!!! [Child][RunMessage] Error: Channel closing: too late to send/recv, messages will be lost

[Parent 16720, Gecko_IOThread] WARNING: pipe error: 232: file /builds/worker/checkouts/gecko/ipc/chromium/src/chrome/common/ipc_channel_win.cc, line 524
eFile: Error reading cache file:" (new Error("", "(unknown module)"))
JavaScript error: resource://gre/modules/XULStore.jsm, line 66: Error: Can't find profile directory.
1598635297814	Marionette	INFO	Listening on port 63535
1598635297879	Marionette	WARN	TLS certificate errors will be ignored for this session
console.warn: LoginRecipes: "getRecipes: falling back to a synchronous message for:" "https://pontosecullum4-02.secullum.com.br"
JavaScript error: , line 0: AbortError: A request was aborted, for example through a call to IDBTransaction.abort.
1598635444893	Marionette	INFO	Stopped listening on port 63535

###!!! [Child][RunMessage] Error: Channel closing: too late to send/recv, messages will be lost

[Parent 11200, Gecko_IOThread] WARNING: pipe error: 232: file /builds/worker/checkouts/gecko/ipc/chromium/src/chrome/common/ipc_channel_win.cc, line 524
1598635475457	geckodriver	INFO	Listening on 127.0.0.1:63595
1598635478413	mozrunner::runner	INFO	Running command: "C:\\Program Files\\Mozilla Firefox\\firefox.exe" "--marionette" "-foreground" "-no-remote" "-profile" "C:\\Users\\Alex\\AppData\\Local\\Temp\\rust_mozprofile9TCnwT"
JavaScript error: resource://gre/modules/XULStore.jsm, line 66: Error: Can't find profile directory.
console.error: SearchCache: "_readCacheFile: Error reading cache file:" (new Error("", "(unknown module)"))
1598635482475	Marionette	INFO	Listening on port 63603
1598635482630	Marionette	WARN	TLS certificate errors will be ignored for this session
1598635684536	Marionette	INFO	Stopped listening on port 63603

###!!! [Child][RunMessage] Error: Channel closing: too late to send/recv, messages will be lost


###!!! [Child][MessageChannel::SendAndWait] Error: Channel error: cannot send/recv

emp\\rust_mozprofileCTHN7E"
JavaScript error: resource://gre/modules/XULStore.jsm, line 66: Error: Can't find profile directory.
console.error: SearchCache: "_readCacheFile: Error reading cache file:" (new Error("", "(unknown module)"))
1598635586129	Marionette	INFO	Listening on port 63694
1598635586270	Marionette	WARN	TLS certificate errors will be ignored for this session
1598635678635	Marionette	INFO	Stopped listening on port 63694

###!!! [Child][RunMessage] Error: Channel closing: too late to send/recv, messages will be lost


###!!! [Child][MessageChannel::SendAndWait] Error: Channel error: cannot send/recv

1598635688390	geckodriver	INFO	Listening on 127.0.0.1:63762
1598635691313	mozrunner::runner	INFO	Running command: "C:\\Program Files\\Mozilla Firefox\\firefox.exe" "--marionette" "-foreground" "-no-remote" "-profile" "C:\\Users\\Alex\\AppData\\Local\\Temp\\rust_mozprofileIrUqne"
JavaScript error: resource://gre/modules/XULStore.jsm, line 66: Error: Can't find profile directory.
console.error: SearchCache: "_readCacheFile: Error reading cache file:" (new Error("", "(unknown module)"))
1598635695342	Marionette	INFO	Listening on port 63771
1598635695515	Marionette	WARN	TLS certificate errors will be ignored for this session
[Parent 4996, Gecko_IOThread] WARNING: file /builds/worker/checkouts/gecko/ipc/chromium/src/base/process_util_win.cc, line 166
1598635808626	Marionette	INFO	Stopped listening on port 63771

###!!! [Child][RunMessage] Error: Channel closing: too late to send/recv, messages will be lost

[Parent 4996, Gecko_IOThread] WARNING: pipe error: 232: file /builds/worker/checkouts/gecko/ipc/chromium/src/chrome/common/ipc_channel_win.cc, line 524

###!!! [Child][MessageChannel::SendAndWait] Error: Channel error: cannot send/recv

1598635811640	geckodriver	INFO	Listening on 127.0.0.1:63860
1598635814730	mozrunner::runner	INFO	Running command: "C:\\Program Files\\Mozilla Firefox\\firefox.exe" "--marionette" "-foreground" "-no-remote" "-profile" "C:\\Users\\Alex\\AppData\\Local\\Temp\\rust_mozprofileuRQLa7"
JavaScript error: resource://gre/modules/XULStore.jsm, line 66: Error: Can't find profile directory.
console.error: SearchCache: "_readCacheFile: Error reading cache file:" (new Error("", "(unknown module)"))
1598635818212	Marionette	INFO	Listening on port 63868
1598635818407	Marionette	WARN	TLS certificate errors will be ignored for this session
1598635850394	Marionette	INFO	Stopped listening on port 63861598635852913	mozrunner::runner	INFO	Running command: "C:\\Program Files\\Mozilla Firefox\\firefox.exe" "--marionette" "-foreground" "-no-remote" "-profile" "C:\\Users\\Alex\\AppData\\Local\\Temp\\rust_mozprofilen6GQZW"
console.error: SearchCache: "_readCacheFile: Error reading cache file:" (new Error("", "(unknown module)"))
JavaScript error: resource://gre/modules/XULStore.jsm, line 66: Error: Can't find profile directory.
1598635856050	Marionette	INFO	Listening on port 63951
1598635856061	Marionette	WARN	TLS certificate errors will be ignored for this session
JavaScript error: https://pontosecullum4-02.secullum.com.br/Ponto4Web/Client/build/js/secullum.webui.min.js, line 15: ReferenceError: success is not defined
[Parent 24064, Gecko_IOThread] WARNING: file /builds/worker/checkouts/gecko/ipc/chromium/src/base/process_util_win.cc, line 166
1598635888944	Marionette	INFO	Stopped listening on port 63951

###!!! [Child][RunMessage] Error: Channel closing: too late to send/recv, messages will be lost

[Parent 24064, Gecko_IOThread] WARNING: pipe error: 232: file /builds/worker/checkouts/gecko/ipc/chromium/src/chrome/common/ipc_channel_win.cc, line 524
1598636334759	geckodriver	INFO	Listening on 127.0.0.1:64411
1598636337778	mozrunner::runner	INFO	Running command: "C:\\Program Files\\Mozilla Firefox\\firefox.exe" "--marionette" "-foreground" "-no-remote" "-profile" "C:\\Users\\Alex\\AppData\\Local\\Temp\\rust_mozprofilezx4m3m"
1598636366789	geckodriver	INFO	Listening on 127.0.0.1:64450
1598636369762	mozrunner::runner	INFO	Running command: "C:\\Program Files\\Mozilla Firefox\\firefox.exe" "--marionette" "-foreground" "-no-remote" "-profile" "C:\\Users\\Alex\\AppData\\Local\\Temp\\rust_mozprofileg7uh31"
console.error: SearchCache: "_readCacheFile: Error reading cache file:" (new Error("", "(unknown module)"))
JavaScript error: resource://gre/modules/XULStore.jsm, line 66: Error: Can't find profile directory.
1598636373171	Marionette	INFO	Listening on port 64458
1598636373441	Marionette	WARN	TLS certificate errors will be ignored for this session
1598636421798	Sync.ErrorHandler	ERROR	Some engines did not sync correctly.
[Parent 13028, Gecko_IOThread] WARNING: file /builds/worker/checkouts/gecko/ipc/chromium/src/base/process_util_win.cc, line 166
1598636423672	Marionette	INFO	Stopped listening on port 64458

###!!! [Child][RunMessage] Error: Channel closing: too late to send/recv, messages will be lost

[Parent 13028, Gecko_IOThread] WARNING: pipe error: 232: file /builds/worker/checkouts/gecko/ipc/chromium/src/chrome/common/ipc_channel_win.cc, line 545
1598636427378	geckodriver	INFO	Listening on 127.0.0.1:64522
1598636430390	mozrunner::runner	INFO	Running command: "C:\\Program Files\\Mozilla Firefox\\firefox.exe" "--marionette" "-foreground" "-no-remote" "-profile" "C:\\Users\\Alex\\AppData\\Local\\Temp\\rust_mozprofilefMBcKL"
console.error: SearchCache: "_readCacheFile: Error reading cache file:" (new Error("", "(unknown module)"))
JavaScript error: resource://gre/modules/XULStore.jsm, line 66: Error: Can't find profile directory.
1598636433473	Marionette	INFO	Listening on port 64530
1598636433551	Marionette	WARN	TLS certificate errors will be ignored for this session
1598636454008	Marionette	INFO	Stopped listening on port 64530

###!!! [Child][RunMessage] Error: Channel closing: too late to send/recv, messages will be lost

1598636546901	geckodriver	INFO	Listening on 127.0.0.1:64618
1598636549942	mozrunner::runner	INFO	Running command: "C:\\Program Files\\Mozilla Firefox\\firefox.exe" "--marionette" "-foreground" "-no-remote" "-profile" "C:\\Users\\Alex\\AppData\\Local\\Temp\\rust_mozprofileZmsvRR"
JavaScript error: resource://gre/modules/XULStore.jsm, line 66: Error: Can't find profile directory.
console.error: SearchCache: "_readCacheFile: Error reading cache file:" (new Error("", "(unknown module)"))
1598636553064	Marionette	INFO	Listening on port 64626
1598636553834	Marionette	WARN	TLS certificate errors will be ignored for this session
JavaScript error: resource://gre/modules/XULStore.jsm, line 66: Error: Can't find profile directory.
JavaScript error: resource://gre/modules/XULStore.jsm, line 66: Error: Can't find profile directory.
JavaScript error: resource://gre/modules/XULStore.jsm, line 66: Error: Can't find profile directory.
JavaScript error: resource://gre/modules/XULStore.jsm, line 66: Error: Can't find profile directory.
JavaScript error: resource://gre/modules/XULStore.jsm, line 66: Error: Can't find profile directory.
JavaScript error: resource://gre/modules/XULStore.jsm, line 66: Error: Can't find profile directory.
JavaScript error: resource://gre/modules/XULStore.jsm, line 66: Error: Can't find profile directory.
1598636723667	Marionette	INFO	Stopped listening on port 64626

###!!! [Child][RunMessage] Error: Channel closing: too late to send/recv, messages will be lost

1598636725445	geckodriver	INFO	Listening on 127.0.0.1:64726
1598636728463	mozrunner::runner	INFO	Running command: "C:\\Program Files\\Mozilla Firefox\\firefox.exe" "--marionette" "-foreground" "-no-remote" "-profile" "C:\\Users\\Alex\\AppData\\Local\\Temp\\rust_mozprofileUNLVgJ"
JavaScript error: resource://gre/modules/XULStore.jsm, line 66: Error: Can't find profile directory.
console.error: SearchCache: "_readCacheFile: Error reading cache file:" (new Error("", "(unknown module)"))
1598636732228	Marionette	INFO	Listening on port 64734
1598636732669	Marionette	WARN	TLS certificate errors will be ignored for this session
[Parent 7068, Gecko_IOThread] WARNING: file /builds/worker/checkouts/gecko/ipc/chromium/src/base/process_util_win.cc, line 166
[Parent 7068, Gecko_IOThread] WARNING: file /builds/worker/checkouts/gecko/ipc/chromium/src/base/process_util_win.cc, line 166
1598640043818	Marionette	INFO	Stopped listening on port 64734
s/XULStore.jsm, line 66: Error: Can't find profile directory.
console.error: SearchCache: "_readCacheFile: Error reading cache file:" (new Error("", "(unknown module)"))
1598636840890	Marionette	INFO	Listening on port 64841
1598636841218	Marionette	WARN	TLS certificate errors will be ignored for this session
1598640033586	Marionette	INFO	Stopped listening on port 64841
8637348420	mozrunner::runner	INFO	Running command: "C:\\Program Files\\Mozilla Firefox\\firefox.exe" "--marionette" "-foreground" "-no-remote" "-profile" "C:\\Users\\Alex\\AppData\\Local\\Temp\\rust_mozprofileWQ5RFY"
JavaScript error: resource://gre/modules/XULStore.jsm, line 66: Error: Can't find profile directory.
console.error: SearchCache: "_readCacheFile: Error reading cache file:" (new Error("", "(unknown module)"))
1598637352366	Marionette	INFO	Listening on port 65065
1598637352625	Marionette	WARN	TLS certificate errors will be ignored for this session
1598640028805	Marionette	INFO	Stopped listening on port 65065

###!!! [Child][RunMessage] Error: Channel closing: too late to send/recv, messages will be lost


###!!! [Child][MessageChannel::SendAndWait] Error: Channel error: cannot send/recv

emp\\rust_mozprofilenHqo6c"
console.error: SearchCache: "_readCacheFile: Error reading cache file:" (new Error("", "(unknown module)"))
JavaScript error: resource://gre/modules/XULStore.jsm, line 66: Error: Can't find profile directory.
1598637764054	Marionette	INFO	Listening on port 65151
1598637764227	Marionette	WARN	TLS certificate errors will be ignored for this session
1598637781311	Marionette	INFO	Stopped listening on port 65151

###!!! [Child][RunMessage] Error: Channel closing: too late to send/recv, messages will be lost

[Parent 18428, Gecko_IOThread] WARNING: pipe error: 232: file /builds/worker/checkouts/gecko/ipc/chromium/src/chrome/common/ipc_channel_win.cc, line 545
1598637790815	geckodriver	INFO	Listening on 127.0.0.1:65192
1598637793831	mozrunner::runner	INFO	Running command: "C:\\Program Files\\Mozilla Firefox\\firefox.exe" "--marionette" "-foreground" "-no-remote" "-profile" "C:\\Users\\Alex\\AppData\\Local\\Temp\\rust_mozprofile056mmM"
JavaScript error: resource://gre/modules/XULStore.jsm, line 66: Error: Can't find profile directory.
console.error: SearchCache: "_readCacheFile: Error reading cache file:" (new Error("", "(unknown module)"))
1598637797704	Marionette	INFO	Listening on port 65200
1598637798022	Marionette	WARN	TLS certificate errors will be ignored for this session
console.warn: LoginRecipes: "getRecipes: falling back to a synchronous message for:" "https://monitor.firefox.com"
JavaScript error: resource://gre/modules/LoginManagerParent.jsm, line 118: TypeError: gRecipeManager is null
console.warn: LoginRecipes: "getRecipes: falling back to a synchronous message for:" "https://monitor.firefox.com"
JavaScript error: resource://gre/modules/LoginManagerParent.jsm, line 118: TypeError: gRecipeManager is null
console.warn: LoginRecipes: "getRecipes: falling back to a synchronous message for:" "https://monitor.firefox.com"
JavaScript error: resource://gre/modules/LoginManagerParent.jsm, line 118: TypeError: gRecipeManager is null
console.warn: LoginRecipes: "getRecipes: falling back to a synchronous message for:" "https://monitor.firefox.com"
JavaScript error: resource://gre/modules/LoginManagerParent.jsm, line 118: TypeError: gRecipeManager is null
console.warn: LoginRecipes: "getRecipes: falling back to a synchronous message for:" "https://monitor.firefox.com"
JavaScript error: resource://gre/modules/LoginManagerParent.jsm, line 118: TypeError: gRecipeManager is null
console.warn: LoginRecipes: "getRecipes: falling back to a synchronous message for:" "https://monitor.firefox.com"
JavaScript error: resource://gre/modules/LoginManagerParent.jsm, line 118: TypeError: gRecipeManager is null
console.error: (new TypeError("parent is null", "resource://devtools/client/inspector/shared/style-change-tracker.js", 67))
TypeError: parent is null: canMutationImpactCurrentStyles@resource://devtools/client/inspector/shared/style-change-tracker.js:67:24
onMutations@resource://devtools/client/inspector/shared/style-change-tracker.js:84:41
_emit@resource://devtools/shared/event-emitter.js:226:34
emit@resource://devtools/shared/event-emitter.js:172:18
emit@resource://devtools/shared/event-emitter.js:324:18
getMutations@resource://devtools/client/fronts/walker.js:406:10

console.error: (new TypeError("container.node.targetFront is null", "resource://devtools/client/inspector/markup/markup.js", 2271))
console.error: (new TypeError("container.node.targetFront is null", "resource://devtools/client/inspector/markup/markup.js", 2271))
console.error: (new TypeError("container.node.targetFront is null", "resource://devtools/client/inspector/markup/markup.js", 2271))
JavaScript error: https://pontosecullum4-02.secullum.com.br/Ponto4Web/Client/build/js/secullum.webui.min.js, line 15: TypeError: document.getElementById(...) is null
1598640030407	Marionette	INFO	Stopped listening on port 65200

###!!! [Child][RunMessage] Error: Channel closing: too late to send/recv, messages will be lost


###!!! [Child][MessageChannel::SendAndWait] Error: Channel error: cannot send/recv

emp\\rust_mozprofilecm6vrl"
console.error: SearchCache: "_readCacheFile: Error reading cache file:" (new Error("", "(unknown module)"))
JavaScript error: resource://gre/modules/XULStore.jsm, line 66: Error: Can't find profile directory.
1598638450373	Marionette	INFO	Listening on port 65350
1598638450704	Marionette	WARN	TLS certificate errors will be ignored for this session
1598640035212	Marionette	INFO	Stopped listening on port 65350

###!!! [Child][RunMessage] Error: Channel closing: too late to send/recv, messages will be lost


###!!! [Child][MessageChannel::SendAndWait] Error: Channel error: cannot send/recv

emp\\rust_mozprofileFalAr7"
JavaScript error: resource://gre/modules/XULStore.jsm, line 66: Error: Can't find profile directory.
console.error: SearchCache: "_readCacheFile: Error reading cache file:" (new Error("", "(unknown module)"))
1598638477791	Marionette	INFO	Listening on port 65401
1598638478103	Marionette	WARN	TLS certificate errors will be ignored for this session
1598640031509	Marionette	INFO	Stopped listening on port 65401

###!!! [Child][RunMessage] Error: Channel closing: too late to send/recv, messages will be lost


###!!! [Child][MessageChannel::SendAndWait] Error: Channel error: cannot send/recv

emp\\rust_mozprofileYmpZ2f"
JavaScript error: resource://gre/modules/XULStore.jsm, line 66: Error: Can't find profile directory.
console.error: SearchCache: "_readCacheFile: Error reading cache file:" (new Error("", "(unknown module)"))
1598638882423	Marionette	INFO	Listening on port 65467
1598638882676	Marionette	WARN	TLS certificate errors will be ignored for this session
[Parent 23792, Gecko_IOThread] WARNING: file /builds/worker/checkouts/gecko/ipc/chromium/src/base/process_util_win.cc, line 166
1598640042738	Marionette	INFO	Stopped listening on port 65467

###!!! [Child][RunMessage] Error: Channel closing: too late to send/recv, messages will be lost

[Parent 23792, Gecko_IOThread] WARNING: pipe error: 232: file /builds/worker/checkouts/gecko/ipc/chromium/src/chrome/common/ipc_channel_win.cc, line 545

###!!! [Child][MessageChannel::SendAndWait] Error: (msgtype=0x5E0005,name=PImageBridge::Msg_WillClose) Channel error: cannot send/recv

cate errors will be ignored for this session
1598640037791	Marionette	INFO	Stopped listening on port 49188

###!!! [Child][RunMessage] Error: Channel closing: too late to send/recv, messages will be lost


###!!! [Child][MessageChannel::SendAndWait] Error: Channel error: cannot send/recv

emp\\rust_mozprofilegZkbak"
JavaScript error: resource://gre/modules/XULStore.jsm, line 66: Error: Can't find profile directory.
console.error: SearchCache: "_readCacheFile: Error reading cache file:" (new Error("", "(unknown module)"))
1598639126119	Marionette	INFO	Listening on port 49230
1598639126184	Marionette	WARN	TLS certificate errors will be ignored for this session
console.error: Region.jsm: "Error fetching region" (new AbortError("The operation was aborted. ", (void 0), 689))
console.error: Region.jsm: "Failed to fetch region" (new Error("NO_RESULT", "resource://gre/modules/Region.jsm", 343))
1598640040766	Marionette	INFO	Stopped listening on port 49230

###!!! [Child][RunMessage] Error: Channel closing: too late to send/recv, messages will be lost

[Parent 16252, Gecko_IOThread] WARNING: pipe error: 232: file /builds/worker/checkouts/gecko/ipc/chromium/src/chrome/common/ipc_channel_win.cc, line 545
es/XULStore.jsm, line 66: Error: Can't find profile directory.
console.error: SearchCache: "_readCacheFile: Error reading cache file:" (new Error("", "(unknown module)"))
1598639265179	Marionette	INFO	Listening on port 49294
1598639265465	Marionette	WARN	TLS certificate errors will be ignored for this session
1598640041570	Marionette	INFO	Stopped listening on port 49294

###!!! [Child][RunMessage] Error: Channel closing: too late to send/recv, messages will be lost

"--marionette" "-foreground" "-no-remote" "-profile" "C:\\Users\\Alex\\AppData\\Local\\Temp\\rust_mozprofileHJ4TCQ"
JavaScript error: resource://gre/modules/XULStore.jsm, line 66: Error: Can't find profile directory.
console.error: SearchCache: "_readCacheFile: Error reading cache file:" (new Error("", "(unknown module)"))
1598639816933	Marionette	INFO	Listening on port 49420
1598639817177	Marionette	WARN	TLS certificate errors will be ignored for this session
1598639829457	Marionette	INFO	Stopped listening on port 49420

###!!! [Child][RunMessage] Error: Channel closing: too late to send/recv, messages will be lost

1598639900883	geckodriver	INFO	Listening on 127.0.0.1:49481
1598639903914	mozrunner::runner	INFO	Running command: "C:\\Program Files\\Mozilla Firefox\\firefox.exe" "--marionette" "-foreground" "-no-remote" "-profile" "C:\\Users\\Alex\\AppData\\Local\\Temp\\rust_mozprofile2xNbp4"
JavaScript error: resource://gre/modules/XULStore.jsm, line 66: Error: Can't find profile directory.
console.error: SearchCache: "_readCacheFile: Error reading cache file:" (new Error("", "(unknown module)"))
1598639907853	Marionette	INFO	Listening on port 49490
1598639908088	Marionette	WARN	TLS certificate errors will be ignored for this session
1598639921403	Marionette	INFO	Stopped listening on port 49490
8639911266	mozrunner::runner	INFO	Running command: "C:\\Program Files\\Mozilla Firefox\\firefox.exe" "--marionette" "-foreground" "-no-remote" "-profile" "C:\\Users\\Alex\\AppData\\Local\\Temp\\rust_mozprofilerEavLt"
JavaScript error: resource://gre/modules/XULStore.jsm, line 66: Error: Can't find profile directory.
console.error: SearchCache: "_readCacheFile: Error reading cache file:" (new Error("", "(unknown module)"))
1598639916346	Marionette	INFO	Listening on port 49523
1598639916586	Marionette	WARN	TLS certificate errors will be ignored for this session
1598640041710	Marionette	INFO	Stopped listening on port 49523

###!!! [Child][RunMessage] Error: Channel closing: too late to send/recv, messages will be lost


###!!! [Child][MessageChannel::SendAndWait] Error: Channel error: cannot send/recv

1598640549762	geckodriver	INFO	Listening on 127.0.0.1:49633
1598640552729	mozrunner::runner	INFO	Running command: "C:\\Program Files\\Mozilla Firefox\\firefox.exe" "--marionette" "-foreground" "-no-remote" "-profile" "C:\\Users\\Alex\\AppData\\Local\\Temp\\rust_mozprofileydXE8L"
JavaScript error: resource://gre/modules/XULStore.jsm, line 66: Error: Can't find profile directory.
console.error: SearchCache: "_readCacheFile: Error reading cache file:" (new Error("", "(unknown module)"))
JavaScript error: resource://activity-stream/lib/ActivityStreamPrefs.jsm, line 27: NS_ERROR_ILLEGAL_VALUE: Component returned failure code: 0x80070057 (NS_ERROR_ILLEGAL_VALUE) [nsIPrefBranch.removeObserver]
console.error: Region.jsm: "Error fetching region" (new TypeError("NetworkError when attempting to fetch resource.", ""))
console.error: Region.jsm: "Failed to fetch region" (new Error("NO_RESULT", "resource://gre/modules/Region.jsm", 343))
JavaScript error: resource://gre/modules/Sqlite.jsm, line 928: Error: Connection is not open.
*** UTM:SVC TimerManager:registerTimer called after profile-before-change notification. Ignoring timer registration for id: rs-experiment-loader-timer

###!!! [Child][RunMessage] Error: Channel closing: too late to send/recv, messages will be lost

